#
# There is insufficient memory for the Java Runtime Environment to continue.
# Native memory allocation (malloc) failed to allocate 1470416 bytes. Error detail: Chunk::new
# Possible reasons:
#   The system is out of physical RAM or swap space
#   This process is running with CompressedOops enabled, and the Java Heap may be blocking the growth of the native heap
# Possible solutions:
#   Reduce memory load on the system
#   Increase physical memory or swap space
#   Check if swap backing store is full
#   Decrease Java heap size (-Xmx/-Xms)
#   Decrease number of Java threads
#   Decrease Java thread stack sizes (-Xss)
#   Set larger code cache with -XX:ReservedCodeCacheSize=
#   JVM is running with Unscaled Compressed Oops mode in which the Java heap is
#     placed in the first 4GB address space. The Java Heap base address is the
#     maximum limit for the native heap growth. Please use -XX:HeapBaseMinAddress
#     to set the Java Heap base and to place the Java Heap above 4GB virtual address.
# This output file may be truncated or incomplete.
#
#  Out of Memory Error (arena.cpp:149), pid=27188, tid=12676
#
# JRE version: Java(TM) SE Runtime Environment (23.0.2+7) (build 23.0.2+7-58)
# Java VM: Java HotSpot(TM) 64-Bit Server VM (23.0.2+7-58, mixed mode, sharing, tiered, compressed oops, compressed class ptrs, g1 gc, windows-amd64)
# No core dump will be written. Minidumps are not enabled by default on client versions of Windows
#

---------------  S U M M A R Y ------------

Command Line: -javaagent:C:\Program Files\JetBrains\IntelliJ IDEA Community Edition 2024.3.3\lib\idea_rt.jar=50863:C:\Program Files\JetBrains\IntelliJ IDEA Community Edition 2024.3.3\bin -Dfile.encoding=UTF-8 -Dsun.stdout.encoding=UTF-8 -Dsun.stderr.encoding=UTF-8 com.codeBuddy.codeBuddy_Backend.CodeBuddyBackendApplication

Host: AMD Ryzen 5 5500U with Radeon Graphics         , 12 cores, 7G,  Windows 11 , 64 bit Build 26100 (10.0.26100.5074)
Time: Tue Sep 30 21:08:18 2025 India Standard Time elapsed time: 5990.015668 seconds (0d 1h 39m 50s)

---------------  T H R E A D  ---------------

Current thread (0x0000012f7fa533b0):  JavaThread "C2 CompilerThread0" daemon [_thread_in_native, id=12676, stack(0x0000001413f00000,0x0000001414000000) (1024K)]


Current CompileTask:
C2:5990016 7271       4       sun.security.ec.ECOperations::setSum (685 bytes)

Stack: [0x0000001413f00000,0x0000001414000000]
Native frames: (J=compiled Java code, j=interpreted, Vv=VM code, C=native code)
V  [jvm.dll+0x6e0b99]  (no source info available)
V  [jvm.dll+0x87e2b3]  (no source info available)
V  [jvm.dll+0x88073e]  (no source info available)
V  [jvm.dll+0x880e13]  (no source info available)
V  [jvm.dll+0x27b006]  (no source info available)
V  [jvm.dll+0xbc06f]  (no source info available)
V  [jvm.dll+0xbc2cb]  (no source info available)
V  [jvm.dll+0x3b3c22]  (no source info available)
V  [jvm.dll+0x38a55b]  (no source info available)
V  [jvm.dll+0x3899ca]  (no source info available)
V  [jvm.dll+0x244ba1]  (no source info available)
V  [jvm.dll+0x243eff]  (no source info available)
V  [jvm.dll+0x1c34b0]  (no source info available)
V  [jvm.dll+0x253df1]  (no source info available)
V  [jvm.dll+0x2520aa]  (no source info available)
V  [jvm.dll+0x3ee226]  (no source info available)
V  [jvm.dll+0x8254cb]  (no source info available)
V  [jvm.dll+0x6df345]  (no source info available)
C  [ucrtbase.dll+0x37b0]  (no source info available)
C  [KERNEL32.DLL+0x2e8d7]  (no source info available)
C  [ntdll.dll+0x8d9c]  (no source info available)

Lock stack of current Java thread (top to bottom):


---------------  P R O C E S S  ---------------

Threads class SMR info:
_java_thread_list=0x0000012f582e07d0, length=32, elements={
0x0000012f7fa346f0, 0x0000012f7fa35cc0, 0x0000012f7fa39760, 0x0000012f7fa3b650,
0x0000012f7fa3d790, 0x0000012f7fa41950, 0x0000012f7fa533b0, 0x0000012f7fa55670,
0x0000012f540ca6e0, 0x0000012f54587860, 0x0000012f5440e6f0, 0x0000012f56d2a410,
0x0000012f56d2aaa0, 0x0000012f56d296f0, 0x0000012f56d29d80, 0x0000012f58020990,
0x0000012f5801ef50, 0x0000012f5801f5e0, 0x0000012f58020300, 0x0000012f58021d40,
0x0000012f58acccb0, 0x0000012f58ace6f0, 0x0000012f58acf410, 0x0000012f58acfaa0,
0x0000012f58ace060, 0x0000012f58ad07c0, 0x0000012f58ad0130, 0x0000012f58acd9d0,
0x0000012f58aced80, 0x0000012f58acd340, 0x0000012f58ad1b70, 0x0000012f58ad14e0
}

Java Threads: ( => current thread )
  0x0000012f7fa346f0 JavaThread "Reference Handler"          daemon [_thread_blocked, id=1504, stack(0x0000001413900000,0x0000001413a00000) (1024K)]
  0x0000012f7fa35cc0 JavaThread "Finalizer"                  daemon [_thread_blocked, id=22688, stack(0x0000001413a00000,0x0000001413b00000) (1024K)]
  0x0000012f7fa39760 JavaThread "Signal Dispatcher"          daemon [_thread_blocked, id=14668, stack(0x0000001413b00000,0x0000001413c00000) (1024K)]
  0x0000012f7fa3b650 JavaThread "Attach Listener"            daemon [_thread_blocked, id=21064, stack(0x0000001413c00000,0x0000001413d00000) (1024K)]
  0x0000012f7fa3d790 JavaThread "Service Thread"             daemon [_thread_blocked, id=19012, stack(0x0000001413d00000,0x0000001413e00000) (1024K)]
  0x0000012f7fa41950 JavaThread "Monitor Deflation Thread"   daemon [_thread_blocked, id=30316, stack(0x0000001413e00000,0x0000001413f00000) (1024K)]
=>0x0000012f7fa533b0 JavaThread "C2 CompilerThread0"         daemon [_thread_in_native, id=12676, stack(0x0000001413f00000,0x0000001414000000) (1024K)]
  0x0000012f7fa55670 JavaThread "C1 CompilerThread0"         daemon [_thread_blocked, id=34860, stack(0x0000001414000000,0x0000001414100000) (1024K)]
  0x0000012f540ca6e0 JavaThread "Common-Cleaner"             daemon [_thread_blocked, id=24244, stack(0x0000001414100000,0x0000001414200000) (1024K)]
  0x0000012f54587860 JavaThread "Monitor Ctrl-Break"         daemon [_thread_in_native, id=25160, stack(0x0000001414400000,0x0000001414500000) (1024K)]
  0x0000012f5440e6f0 JavaThread "Notification Thread"        daemon [_thread_blocked, id=36144, stack(0x0000001414500000,0x0000001414600000) (1024K)]
  0x0000012f56d2a410 JavaThread "Catalina-utility-1"                [_thread_blocked, id=28920, stack(0x0000001415200000,0x0000001415300000) (1024K)]
  0x0000012f56d2aaa0 JavaThread "Catalina-utility-2"                [_thread_blocked, id=12024, stack(0x0000001415300000,0x0000001415400000) (1024K)]
  0x0000012f56d296f0 JavaThread "container-0"                       [_thread_blocked, id=32364, stack(0x0000001415400000,0x0000001415500000) (1024K)]
  0x0000012f56d29d80 JavaThread "mysql-cj-abandoned-connection-cleanup" daemon [_thread_blocked, id=25236, stack(0x0000001415500000,0x0000001415600000) (1024K)]
  0x0000012f58020990 JavaThread "HikariPool-1:housekeeper"   daemon [_thread_blocked, id=36688, stack(0x0000001415700000,0x0000001415800000) (1024K)]
  0x0000012f5801ef50 JavaThread "File Watcher"               daemon [_thread_blocked, id=29204, stack(0x0000001415900000,0x0000001415a00000) (1024K)]
  0x0000012f5801f5e0 JavaThread "Live Reload Server"         daemon [_thread_in_native, id=4104, stack(0x0000001415b00000,0x0000001415c00000) (1024K)]
  0x0000012f58020300 JavaThread "http-nio-8080-exec-1"       daemon [_thread_blocked, id=15880, stack(0x0000001415a00000,0x0000001415b00000) (1024K)]
  0x0000012f58021d40 JavaThread "http-nio-8080-exec-2"       daemon [_thread_blocked, id=10228, stack(0x0000001415c00000,0x0000001415d00000) (1024K)]
  0x0000012f58acccb0 JavaThread "http-nio-8080-exec-3"       daemon [_thread_blocked, id=21584, stack(0x0000001415d00000,0x0000001415e00000) (1024K)]
  0x0000012f58ace6f0 JavaThread "http-nio-8080-exec-4"       daemon [_thread_blocked, id=31332, stack(0x0000001415e00000,0x0000001415f00000) (1024K)]
  0x0000012f58acf410 JavaThread "http-nio-8080-exec-5"       daemon [_thread_blocked, id=31960, stack(0x0000001415f00000,0x0000001416000000) (1024K)]
  0x0000012f58acfaa0 JavaThread "http-nio-8080-exec-6"       daemon [_thread_blocked, id=1464, stack(0x0000001416000000,0x0000001416100000) (1024K)]
  0x0000012f58ace060 JavaThread "http-nio-8080-exec-7"       daemon [_thread_blocked, id=34584, stack(0x0000001416100000,0x0000001416200000) (1024K)]
  0x0000012f58ad07c0 JavaThread "http-nio-8080-exec-8"       daemon [_thread_blocked, id=10600, stack(0x0000001416200000,0x0000001416300000) (1024K)]
  0x0000012f58ad0130 JavaThread "http-nio-8080-exec-9"       daemon [_thread_blocked, id=4308, stack(0x0000001416300000,0x0000001416400000) (1024K)]
  0x0000012f58acd9d0 JavaThread "http-nio-8080-exec-10"      daemon [_thread_blocked, id=31884, stack(0x0000001416400000,0x0000001416500000) (1024K)]
  0x0000012f58aced80 JavaThread "http-nio-8080-Poller"       daemon [_thread_in_native, id=36744, stack(0x0000001416500000,0x0000001416600000) (1024K)]
  0x0000012f58acd340 JavaThread "http-nio-8080-Acceptor"     daemon [_thread_in_native, id=26772, stack(0x0000001416600000,0x0000001416700000) (1024K)]
  0x0000012f58ad1b70 JavaThread "DestroyJavaVM"                     [_thread_blocked, id=10344, stack(0x0000001413100000,0x0000001413200000) (1024K)]
  0x0000012f58ad14e0 JavaThread "HikariPool-1:connection-adder" daemon [_thread_blocked, id=16784, stack(0x0000001412f00000,0x0000001413000000) (1024K)]
Total: 32

Other Threads:
  0x0000012f7fa1c8c0 VMThread "VM Thread"                           [id=16816, stack(0x0000001413800000,0x0000001413900000) (1024K)]
  0x0000012f7fa067f0 WatcherThread "VM Periodic Task Thread"        [id=16496, stack(0x0000001413700000,0x0000001413800000) (1024K)]
  0x0000012f71b29d80 WorkerThread "GC Thread#0"                     [id=16092, stack(0x0000001413200000,0x0000001413300000) (1024K)]
  0x0000012f54cfea20 WorkerThread "GC Thread#1"                     [id=34560, stack(0x0000001414800000,0x0000001414900000) (1024K)]
  0x0000012f54cfedd0 WorkerThread "GC Thread#2"                     [id=13676, stack(0x0000001414900000,0x0000001414a00000) (1024K)]
  0x0000012f54cff600 WorkerThread "GC Thread#3"                     [id=21524, stack(0x0000001414a00000,0x0000001414b00000) (1024K)]
  0x0000012f54cffe30 WorkerThread "GC Thread#4"                     [id=20500, stack(0x0000001414b00000,0x0000001414c00000) (1024K)]
  0x0000012f54d0b840 WorkerThread "GC Thread#5"                     [id=30884, stack(0x0000001414c00000,0x0000001414d00000) (1024K)]
  0x0000012f54fa3b70 WorkerThread "GC Thread#6"                     [id=26520, stack(0x0000001414d00000,0x0000001414e00000) (1024K)]
  0x0000012f54f70d80 WorkerThread "GC Thread#7"                     [id=21716, stack(0x0000001414e00000,0x0000001414f00000) (1024K)]
  0x0000012f54fa2790 WorkerThread "GC Thread#8"                     [id=27964, stack(0x0000001414f00000,0x0000001415000000) (1024K)]
  0x0000012f551ae890 WorkerThread "GC Thread#9"                     [id=20980, stack(0x0000001415000000,0x0000001415100000) (1024K)]
  0x0000012f71b3e120 ConcurrentGCThread "G1 Main Marker"            [id=12984, stack(0x0000001413300000,0x0000001413400000) (1024K)]
  0x0000012f71b3f2e0 WorkerThread "G1 Conc#0"                       [id=27020, stack(0x0000001413400000,0x0000001413500000) (1024K)]
  0x0000012f552a6b70 WorkerThread "G1 Conc#1"                       [id=21912, stack(0x0000001414300000,0x0000001414400000) (1024K)]
  0x0000012f552a9b60 WorkerThread "G1 Conc#2"                       [id=24780, stack(0x0000001415100000,0x0000001415200000) (1024K)]
  0x0000012f7f8d2980 ConcurrentGCThread "G1 Refine#0"               [id=7088, stack(0x0000001413500000,0x0000001413600000) (1024K)]
  0x0000012f7f8d3310 ConcurrentGCThread "G1 Service"                [id=16712, stack(0x0000001413600000,0x0000001413700000) (1024K)]
Total: 18

Threads with active compile tasks:
C2 CompilerThread0  5992013 7271       4       sun.security.ec.ECOperations::setSum (685 bytes)
Total: 1

VM state: not at safepoint (normal execution)

VM Mutex/Monitor currently owned by a thread: None

Heap address: 0x000000008ac00000, size: 1876 MB, Compressed Oops mode: 32-bit

CDS archive(s) mapped at: [0x0000012f0f000000-0x0000012f0fd70000-0x0000012f0fd70000), size 14090240, SharedBaseAddress: 0x0000012f0f000000, ArchiveRelocationMode: 1.
Compressed class space mapped at: 0x0000012f10000000-0x0000012f50000000, reserved size: 1073741824
Narrow klass base: 0x0000012f0f000000, Narrow klass shift: 0, Narrow klass range: 0x41000000

GC Precious Log:
 CardTable entry size: 512
 Card Set container configuration: InlinePtr #cards 5 size 8 Array Of Cards #cards 10 size 36 Howl #buckets 4 coarsen threshold 1843 Howl Bitmap #cards 512 size 80 coarsen threshold 460 Card regions per heap region 1 cards per card region 2048
 CPUs: 12 total, 12 available
 Memory: 7502M
 Large Page Support: Disabled
 NUMA Support: Disabled
 Compressed Oops: Enabled (32-bit)
 Heap Region Size: 1M
 Heap Min Capacity: 8M
 Heap Initial Capacity: 118M
 Heap Max Capacity: 1876M
 Pre-touch: Disabled
 Parallel Workers: 10
 Concurrent Workers: 3
 Concurrent Refinement Workers: 10
 Periodic GC: Disabled

Heap:
 garbage-first heap   total reserved 1921024K, committed 58368K, used 41591K [0x000000008ac00000, 0x0000000100000000)
  region size 1024K, 12 young (12288K), 2 survivors (2048K)
 Metaspace       used 76145K, committed 76928K, reserved 1179648K
  class space    used 10547K, committed 10880K, reserved 1048576K

Heap Regions: E=young(eden), S=young(survivor), O=old, HS=humongous(starts), HC=humongous(continues), CS=collection set, F=free, TAMS=top-at-mark-start, PB=parsable bottom
|   0|0x000000008ac00000, 0x000000008ad00000, 0x000000008ad00000|100%|HS|  |TAMS 0x000000008ac00000| PB 0x000000008ac00000| Complete |  0
|   1|0x000000008ad00000, 0x000000008ae00000, 0x000000008ae00000|100%|HS|  |TAMS 0x000000008ad00000| PB 0x000000008ad00000| Complete |  0
|   2|0x000000008ae00000, 0x000000008af00000, 0x000000008af00000|100%| O|  |TAMS 0x000000008ae00000| PB 0x000000008ae00000| Untracked |  0
|   3|0x000000008af00000, 0x000000008b000000, 0x000000008b000000|100%| O|  |TAMS 0x000000008af00000| PB 0x000000008af00000| Untracked |  0
|   4|0x000000008b000000, 0x000000008b100000, 0x000000008b100000|100%| O|  |TAMS 0x000000008b000000| PB 0x000000008b000000| Untracked |  0
|   5|0x000000008b100000, 0x000000008b200000, 0x000000008b200000|100%| O|  |TAMS 0x000000008b100000| PB 0x000000008b100000| Untracked |  0
|   6|0x000000008b200000, 0x000000008b300000, 0x000000008b300000|100%| O|  |TAMS 0x000000008b200000| PB 0x000000008b200000| Untracked |  0
|   7|0x000000008b300000, 0x000000008b3f58a8, 0x000000008b400000| 95%| O|Cm|TAMS 0x000000008b300000| PB 0x000000008b300000| Complete |  0
|   8|0x000000008b400000, 0x000000008b500000, 0x000000008b500000|100%| O|  |TAMS 0x000000008b400000| PB 0x000000008b400000| Untracked |  0
|   9|0x000000008b500000, 0x000000008b600000, 0x000000008b600000|100%| O|  |TAMS 0x000000008b500000| PB 0x000000008b500000| Untracked |  0
|  10|0x000000008b600000, 0x000000008b700000, 0x000000008b700000|100%| O|  |TAMS 0x000000008b600000| PB 0x000000008b600000| Untracked |  0
|  11|0x000000008b700000, 0x000000008b800000, 0x000000008b800000|100%| O|  |TAMS 0x000000008b700000| PB 0x000000008b700000| Untracked |  0
|  12|0x000000008b800000, 0x000000008b900000, 0x000000008b900000|100%| O|  |TAMS 0x000000008b800000| PB 0x000000008b800000| Untracked |  0
|  13|0x000000008b900000, 0x000000008ba00000, 0x000000008ba00000|100%| O|  |TAMS 0x000000008b900000| PB 0x000000008b900000| Untracked |  0
|  14|0x000000008ba00000, 0x000000008bb00000, 0x000000008bb00000|100%| O|  |TAMS 0x000000008ba00000| PB 0x000000008ba00000| Untracked |  0
|  15|0x000000008bb00000, 0x000000008bc00000, 0x000000008bc00000|100%| O|  |TAMS 0x000000008bb00000| PB 0x000000008bb00000| Untracked |  0
|  16|0x000000008bc00000, 0x000000008bd00000, 0x000000008bd00000|100%| O|  |TAMS 0x000000008bc00000| PB 0x000000008bc00000| Untracked |  0
|  17|0x000000008bd00000, 0x000000008be00000, 0x000000008be00000|100%| O|  |TAMS 0x000000008bd00000| PB 0x000000008bd00000| Untracked |  0
|  18|0x000000008be00000, 0x000000008bf00000, 0x000000008bf00000|100%| O|  |TAMS 0x000000008be00000| PB 0x000000008be00000| Untracked |  0
|  19|0x000000008bf00000, 0x000000008c000000, 0x000000008c000000|100%| O|Cm|TAMS 0x000000008bf00000| PB 0x000000008bf00000| Complete |  0
|  20|0x000000008c000000, 0x000000008c100000, 0x000000008c100000|100%| O|  |TAMS 0x000000008c000000| PB 0x000000008c000000| Untracked |  0
|  21|0x000000008c100000, 0x000000008c200000, 0x000000008c200000|100%| O|  |TAMS 0x000000008c100000| PB 0x000000008c100000| Untracked |  0
|  22|0x000000008c200000, 0x000000008c300000, 0x000000008c300000|100%| O|  |TAMS 0x000000008c200000| PB 0x000000008c200000| Untracked |  0
|  23|0x000000008c300000, 0x000000008c400000, 0x000000008c400000|100%| O|  |TAMS 0x000000008c300000| PB 0x000000008c300000| Untracked |  0
|  24|0x000000008c400000, 0x000000008c500000, 0x000000008c500000|100%| O|  |TAMS 0x000000008c400000| PB 0x000000008c400000| Untracked |  0
|  25|0x000000008c500000, 0x000000008c500000, 0x000000008c600000|  0%| F|  |TAMS 0x000000008c500000| PB 0x000000008c500000| Untracked |  0
|  26|0x000000008c600000, 0x000000008c700000, 0x000000008c700000|100%| O|  |TAMS 0x000000008c600000| PB 0x000000008c600000| Untracked |  0
|  27|0x000000008c700000, 0x000000008c800000, 0x000000008c800000|100%| O|  |TAMS 0x000000008c700000| PB 0x000000008c700000| Untracked |  0
|  28|0x000000008c800000, 0x000000008c900000, 0x000000008c900000|100%| O|  |TAMS 0x000000008c800000| PB 0x000000008c800000| Untracked |  0
|  29|0x000000008c900000, 0x000000008ca00000, 0x000000008ca00000|100%| O|  |TAMS 0x000000008c900000| PB 0x000000008c900000| Untracked |  0
|  30|0x000000008ca00000, 0x000000008ca71808, 0x000000008cb00000| 44%| O|  |TAMS 0x000000008ca00000| PB 0x000000008ca00000| Untracked |  0
|  31|0x000000008cb00000, 0x000000008cb00000, 0x000000008cc00000|  0%| F|  |TAMS 0x000000008cb00000| PB 0x000000008cb00000| Untracked |  0
|  32|0x000000008cc00000, 0x000000008cd00000, 0x000000008cd00000|100%| O|  |TAMS 0x000000008cc00000| PB 0x000000008cc00000| Untracked |  0
|  33|0x000000008cd00000, 0x000000008ce00000, 0x000000008ce00000|100%| O|  |TAMS 0x000000008cd00000| PB 0x000000008cd00000| Untracked |  0
|  34|0x000000008ce00000, 0x000000008ce00000, 0x000000008cf00000|  0%| F|  |TAMS 0x000000008ce00000| PB 0x000000008ce00000| Untracked |  0
|  35|0x000000008cf00000, 0x000000008cf36c68, 0x000000008d000000| 21%| S|CS|TAMS 0x000000008cf00000| PB 0x000000008cf00000| Complete |  0
|  36|0x000000008d000000, 0x000000008d000000, 0x000000008d100000|  0%| F|  |TAMS 0x000000008d000000| PB 0x000000008d000000| Untracked |  0
|  37|0x000000008d100000, 0x000000008d200000, 0x000000008d200000|100%| S|CS|TAMS 0x000000008d100000| PB 0x000000008d100000| Complete |  0
|  38|0x000000008d200000, 0x000000008d200000, 0x000000008d300000|  0%| F|  |TAMS 0x000000008d200000| PB 0x000000008d200000| Untracked |  0
|  39|0x000000008d300000, 0x000000008d300000, 0x000000008d400000|  0%| F|  |TAMS 0x000000008d300000| PB 0x000000008d300000| Untracked |  0
|  40|0x000000008d400000, 0x000000008d400000, 0x000000008d500000|  0%| F|  |TAMS 0x000000008d400000| PB 0x000000008d400000| Untracked |  0
|  41|0x000000008d500000, 0x000000008d500000, 0x000000008d600000|  0%| F|  |TAMS 0x000000008d500000| PB 0x000000008d500000| Untracked |  0
|  42|0x000000008d600000, 0x000000008d600000, 0x000000008d700000|  0%| F|  |TAMS 0x000000008d600000| PB 0x000000008d600000| Untracked |  0
|  43|0x000000008d700000, 0x000000008d700000, 0x000000008d800000|  0%| F|  |TAMS 0x000000008d700000| PB 0x000000008d700000| Untracked |  0
|  44|0x000000008d800000, 0x000000008d800000, 0x000000008d900000|  0%| F|  |TAMS 0x000000008d800000| PB 0x000000008d800000| Untracked |  0
|  45|0x000000008d900000, 0x000000008d900000, 0x000000008da00000|  0%| F|  |TAMS 0x000000008d900000| PB 0x000000008d900000| Untracked |  0
|  46|0x000000008da00000, 0x000000008da00000, 0x000000008db00000|  0%| F|  |TAMS 0x000000008da00000| PB 0x000000008da00000| Untracked |  0
|  47|0x000000008db00000, 0x000000008db27f58, 0x000000008dc00000| 15%| E|  |TAMS 0x000000008db00000| PB 0x000000008db00000| Complete |  0
|  48|0x000000008dc00000, 0x000000008dd00000, 0x000000008dd00000|100%| E|CS|TAMS 0x000000008dc00000| PB 0x000000008dc00000| Complete |  0
|  66|0x000000008ee00000, 0x000000008ef00000, 0x000000008ef00000|100%| E|CS|TAMS 0x000000008ee00000| PB 0x000000008ee00000| Complete |  0
|  67|0x000000008ef00000, 0x000000008f000000, 0x000000008f000000|100%| E|CS|TAMS 0x000000008ef00000| PB 0x000000008ef00000| Complete |  0
|  68|0x000000008f000000, 0x000000008f100000, 0x000000008f100000|100%| E|  |TAMS 0x000000008f000000| PB 0x000000008f000000| Complete |  0
|  69|0x000000008f100000, 0x000000008f200000, 0x000000008f200000|100%| E|CS|TAMS 0x000000008f100000| PB 0x000000008f100000| Complete |  0
|  70|0x000000008f200000, 0x000000008f300000, 0x000000008f300000|100%| E|CS|TAMS 0x000000008f200000| PB 0x000000008f200000| Complete |  0
|  71|0x000000008f300000, 0x000000008f400000, 0x000000008f400000|100%| E|CS|TAMS 0x000000008f300000| PB 0x000000008f300000| Complete |  0
|  72|0x000000008f400000, 0x000000008f500000, 0x000000008f500000|100%| E|CS|TAMS 0x000000008f400000| PB 0x000000008f400000| Complete |  0
| 117|0x0000000092100000, 0x0000000092200000, 0x0000000092200000|100%| E|CS|TAMS 0x0000000092100000| PB 0x0000000092100000| Complete |  0

Card table byte_map: [0x0000012f7ac30000,0x0000012f7afe0000] _byte_map_base: 0x0000012f7a7da000

Marking Bits: (CMBitMap*) 0x0000012f71b2a3a0
 Bits: [0x0000012f7afe0000, 0x0000012f7cd30000)

Polling page: 0x0000012f6fa40000

Metaspace:

Usage:
  Non-class:     64.06 MB used.
      Class:     10.30 MB used.
       Both:     74.36 MB used.

Virtual space:
  Non-class space:      128.00 MB reserved,      64.50 MB ( 50%) committed,  2 nodes.
      Class space:        1.00 GB reserved,      10.62 MB (  1%) committed,  1 nodes.
             Both:        1.12 GB reserved,      75.12 MB (  7%) committed. 

Chunk freelists:
   Non-Class:  15.48 MB
       Class:  5.35 MB
        Both:  20.83 MB

MaxMetaspaceSize: unlimited
CompressedClassSpaceSize: 1.00 GB
Initial GC threshold: 21.00 MB
Current GC threshold: 124.94 MB
CDS: on
 - commit_granule_bytes: 65536.
 - commit_granule_words: 8192.
 - virtual_space_node_default_size: 8388608.
 - enlarge_chunks_in_place: 1.
 - use_allocation_guard: 0.


Internal statistics:

num_allocs_failed_limit: 9.
num_arena_births: 952.
num_arena_deaths: 0.
num_vsnodes_births: 3.
num_vsnodes_deaths: 0.
num_space_committed: 1202.
num_space_uncommitted: 0.
num_chunks_returned_to_freelist: 9.
num_chunks_taken_from_freelist: 3612.
num_chunk_merges: 9.
num_chunk_splits: 2586.
num_chunks_enlarged: 2007.
num_inconsistent_stats: 0.

CodeHeap 'non-profiled nmethods': size=120064Kb used=2826Kb max_used=2988Kb free=117237Kb
 bounds [0x0000012f07ac0000, 0x0000012f07db0000, 0x0000012f0f000000]
CodeHeap 'profiled nmethods': size=120000Kb used=9194Kb max_used=9194Kb free=110805Kb
 bounds [0x0000012f00000000, 0x0000012f00900000, 0x0000012f07530000]
CodeHeap 'non-nmethods': size=5696Kb used=1731Kb max_used=1774Kb free=3964Kb
 bounds [0x0000012f07530000, 0x0000012f077a0000, 0x0000012f07ac0000]
CodeCache: size=245760Kb, used=13751Kb, max_used=13956Kb, free=232006Kb
 total_blobs=6966, nmethods=6195, adapters=676, full_count=0
Compilation: enabled, stopped_count=0, restarted_count=0

Compilation events (20 events):
Event: 5988.428 Thread 0x0000012f7fa55670 7268       3       sun.security.ssl.HandshakeOutStream::putBytes16 (27 bytes)
Event: 5988.429 Thread 0x0000012f7fa55670 nmethod 7268 0x0000012f008f7608 code [0x0000012f008f77a0, 0x0000012f008f7bc0]
Event: 5988.429 Thread 0x0000012f7fa55670 7266       3       sun.security.util.math.intpoly.MontgomeryIntegerPolynomialP256::get1 (13 bytes)
Event: 5988.429 Thread 0x0000012f7fa55670 nmethod 7266 0x0000012f008f7c08 code [0x0000012f008f7d40, 0x0000012f008f8098]
Event: 5988.430 Thread 0x0000012f7fa533b0 nmethod 7263 0x0000012f07c79908 code [0x0000012f07c79a20, 0x0000012f07c79e40]
Event: 5988.431 Thread 0x0000012f7fa55670 7269       3       java.math.BigInteger::compareTo (75 bytes)
Event: 5988.431 Thread 0x0000012f7fa533b0 7271       4       sun.security.ec.ECOperations::setSum (685 bytes)
Event: 5988.433 Thread 0x0000012f7fa55670 nmethod 7269 0x0000012f008f8108 code [0x0000012f008f8260, 0x0000012f008f8538]
Event: 5988.433 Thread 0x0000012f7fa55670 7270       3       java.math.MutableBigInteger::normalize (91 bytes)
Event: 5988.434 Thread 0x0000012f7fa55670 nmethod 7270 0x0000012f008f8588 code [0x0000012f008f86c0, 0x0000012f008f8a00]
Event: 5988.435 Thread 0x0000012f7fa55670 7272   !   3       java.security.MessageDigest::getDigestLength (30 bytes)
Event: 5988.442 Thread 0x0000012f7fa55670 nmethod 7272 0x0000012f008f8a88 code [0x0000012f008f8c00, 0x0000012f008f93c0]
Event: 5988.442 Thread 0x0000012f7fa55670 7273       3       java.security.MessageDigest$Delegate::engineGetDigestLength (8 bytes)
Event: 5988.442 Thread 0x0000012f7fa55670 nmethod 7273 0x0000012f008f9488 code [0x0000012f008f95a0, 0x0000012f008f9778]
Event: 5988.442 Thread 0x0000012f7fa55670 7274   !   3       javax.crypto.Mac::init (98 bytes)
Event: 5988.443 Thread 0x0000012f7fa55670 nmethod 7274 0x0000012f008f9788 code [0x0000012f008f98e0, 0x0000012f008f9c88]
Event: 5988.443 Thread 0x0000012f7fa55670 7275       3       javax.crypto.Mac::update (37 bytes)
Event: 5988.444 Thread 0x0000012f7fa55670 nmethod 7275 0x0000012f008f9d08 code [0x0000012f008f9ea0, 0x0000012f008fa620]
Event: 5988.446 Thread 0x0000012f7fa55670 7277       3       java.lang.String::<init> (17 bytes)
Event: 5988.447 Thread 0x0000012f7fa55670 nmethod 7277 0x0000012f008fa688 code [0x0000012f008fa7e0, 0x0000012f008fab60]

GC Heap History (20 events):
Event: 6.500 GC heap before
{Heap before GC invocations=9 (full 0):
 garbage-first heap   total reserved 1921024K, committed 51200K, used 42205K [0x000000008ac00000, 0x0000000100000000)
  region size 1024K, 22 young (22528K), 2 survivors (2048K)
 Metaspace       used 40792K, committed 41344K, reserved 1114112K
  class space    used 5466K, committed 5696K, reserved 1048576K
}
Event: 6.503 GC heap after
{Heap after GC invocations=10 (full 0):
 garbage-first heap   total reserved 1921024K, committed 51200K, used 23230K [0x000000008ac00000, 0x0000000100000000)
  region size 1024K, 3 young (3072K), 3 survivors (3072K)
 Metaspace       used 40792K, committed 41344K, reserved 1114112K
  class space    used 5466K, committed 5696K, reserved 1048576K
}
Event: 7.517 GC heap before
{Heap before GC invocations=10 (full 0):
 garbage-first heap   total reserved 1921024K, committed 51200K, used 42686K [0x000000008ac00000, 0x0000000100000000)
  region size 1024K, 23 young (23552K), 3 survivors (3072K)
 Metaspace       used 49560K, committed 50112K, reserved 1114112K
  class space    used 6605K, committed 6848K, reserved 1048576K
}
Event: 7.522 GC heap after
{Heap after GC invocations=11 (full 0):
 garbage-first heap   total reserved 1921024K, committed 51200K, used 24770K [0x000000008ac00000, 0x0000000100000000)
  region size 1024K, 3 young (3072K), 3 survivors (3072K)
 Metaspace       used 49560K, committed 50112K, reserved 1114112K
  class space    used 6605K, committed 6848K, reserved 1048576K
}
Event: 7.952 GC heap before
{Heap before GC invocations=11 (full 0):
 garbage-first heap   total reserved 1921024K, committed 51200K, used 42178K [0x000000008ac00000, 0x0000000100000000)
  region size 1024K, 21 young (21504K), 3 survivors (3072K)
 Metaspace       used 54776K, committed 55360K, reserved 1114112K
  class space    used 7355K, committed 7616K, reserved 1048576K
}
Event: 7.956 GC heap after
{Heap after GC invocations=12 (full 0):
 garbage-first heap   total reserved 1921024K, committed 51200K, used 26263K [0x000000008ac00000, 0x0000000100000000)
  region size 1024K, 2 young (2048K), 2 survivors (2048K)
 Metaspace       used 54776K, committed 55360K, reserved 1114112K
  class space    used 7355K, committed 7616K, reserved 1048576K
}
Event: 8.519 GC heap before
{Heap before GC invocations=12 (full 0):
 garbage-first heap   total reserved 1921024K, committed 51200K, used 44695K [0x000000008ac00000, 0x0000000100000000)
  region size 1024K, 20 young (20480K), 2 survivors (2048K)
 Metaspace       used 59573K, committed 60160K, reserved 1114112K
  class space    used 8122K, committed 8384K, reserved 1048576K
}
Event: 8.524 GC heap after
{Heap after GC invocations=13 (full 0):
 garbage-first heap   total reserved 1921024K, committed 51200K, used 26877K [0x000000008ac00000, 0x0000000100000000)
  region size 1024K, 2 young (2048K), 2 survivors (2048K)
 Metaspace       used 59573K, committed 60160K, reserved 1114112K
  class space    used 8122K, committed 8384K, reserved 1048576K
}
Event: 9.258 GC heap before
{Heap before GC invocations=14 (full 0):
 garbage-first heap   total reserved 1921024K, committed 51200K, used 45309K [0x000000008ac00000, 0x0000000100000000)
  region size 1024K, 20 young (20480K), 2 survivors (2048K)
 Metaspace       used 63176K, committed 63808K, reserved 1114112K
  class space    used 8690K, committed 8960K, reserved 1048576K
}
Event: 9.262 GC heap after
{Heap after GC invocations=15 (full 0):
 garbage-first heap   total reserved 1921024K, committed 51200K, used 28552K [0x000000008ac00000, 0x0000000100000000)
  region size 1024K, 3 young (3072K), 3 survivors (3072K)
 Metaspace       used 63176K, committed 63808K, reserved 1114112K
  class space    used 8690K, committed 8960K, reserved 1048576K
}
Event: 9.691 GC heap before
{Heap before GC invocations=15 (full 0):
 garbage-first heap   total reserved 1921024K, committed 51200K, used 42888K [0x000000008ac00000, 0x0000000100000000)
  region size 1024K, 18 young (18432K), 3 survivors (3072K)
 Metaspace       used 66017K, committed 66688K, reserved 1114112K
  class space    used 9075K, committed 9344K, reserved 1048576K
}
Event: 9.695 GC heap after
{Heap after GC invocations=16 (full 0):
 garbage-first heap   total reserved 1921024K, committed 51200K, used 29454K [0x000000008ac00000, 0x0000000100000000)
  region size 1024K, 3 young (3072K), 3 survivors (3072K)
 Metaspace       used 66017K, committed 66688K, reserved 1114112K
  class space    used 9075K, committed 9344K, reserved 1048576K
}
Event: 10.133 GC heap before
{Heap before GC invocations=16 (full 0):
 garbage-first heap   total reserved 1921024K, committed 51200K, used 44814K [0x000000008ac00000, 0x0000000100000000)
  region size 1024K, 18 young (18432K), 3 survivors (3072K)
 Metaspace       used 68347K, committed 68992K, reserved 1114112K
  class space    used 9421K, committed 9728K, reserved 1048576K
}
Event: 10.138 GC heap after
{Heap after GC invocations=17 (full 0):
 garbage-first heap   total reserved 1921024K, committed 51200K, used 31180K [0x000000008ac00000, 0x0000000100000000)
  region size 1024K, 3 young (3072K), 3 survivors (3072K)
 Metaspace       used 68347K, committed 68992K, reserved 1114112K
  class space    used 9421K, committed 9728K, reserved 1048576K
}
Event: 10.513 GC heap before
{Heap before GC invocations=18 (full 0):
 garbage-first heap   total reserved 1921024K, committed 53248K, used 43468K [0x000000008ac00000, 0x0000000100000000)
  region size 1024K, 15 young (15360K), 3 survivors (3072K)
 Metaspace       used 69967K, committed 70656K, reserved 1114112K
  class space    used 9681K, committed 9984K, reserved 1048576K
}
Event: 10.518 GC heap after
{Heap after GC invocations=19 (full 0):
 garbage-first heap   total reserved 1921024K, committed 53248K, used 32329K [0x000000008ac00000, 0x0000000100000000)
  region size 1024K, 2 young (2048K), 2 survivors (2048K)
 Metaspace       used 69967K, committed 70656K, reserved 1114112K
  class space    used 9681K, committed 9984K, reserved 1048576K
}
Event: 217.326 GC heap before
{Heap before GC invocations=19 (full 0):
 garbage-first heap   total reserved 1921024K, committed 53248K, used 44617K [0x000000008ac00000, 0x0000000100000000)
  region size 1024K, 15 young (15360K), 2 survivors (2048K)
 Metaspace       used 72076K, committed 72768K, reserved 1114112K
  class space    used 9977K, committed 10304K, reserved 1048576K
}
Event: 217.334 GC heap after
{Heap after GC invocations=20 (full 0):
 garbage-first heap   total reserved 1921024K, committed 53248K, used 32927K [0x000000008ac00000, 0x0000000100000000)
  region size 1024K, 1 young (1024K), 1 survivors (1024K)
 Metaspace       used 72076K, committed 72768K, reserved 1114112K
  class space    used 9977K, committed 10304K, reserved 1048576K
}
Event: 284.575 GC heap before
{Heap before GC invocations=20 (full 0):
 garbage-first heap   total reserved 1921024K, committed 53248K, used 46239K [0x000000008ac00000, 0x0000000100000000)
  region size 1024K, 15 young (15360K), 1 survivors (1024K)
 Metaspace       used 75993K, committed 76736K, reserved 1179648K
  class space    used 10542K, committed 10880K, reserved 1048576K
}
Event: 284.580 GC heap after
{Heap after GC invocations=21 (full 0):
 garbage-first heap   total reserved 1921024K, committed 53248K, used 33399K [0x000000008ac00000, 0x0000000100000000)
  region size 1024K, 2 young (2048K), 2 survivors (2048K)
 Metaspace       used 75993K, committed 76736K, reserved 1179648K
  class space    used 10542K, committed 10880K, reserved 1048576K
}

Dll operation events (14 events):
Event: 0.031 Loaded shared library C:\Program Files\Java\jdk-23\bin\java.dll
Event: 0.079 Loaded shared library C:\Program Files\Java\jdk-23\bin\jsvml.dll
Event: 0.267 Loaded shared library C:\Program Files\Java\jdk-23\bin\zip.dll
Event: 0.275 Loaded shared library C:\Program Files\Java\jdk-23\bin\instrument.dll
Event: 0.284 Loaded shared library C:\Program Files\Java\jdk-23\bin\net.dll
Event: 0.287 Loaded shared library C:\Program Files\Java\jdk-23\bin\nio.dll
Event: 0.292 Loaded shared library C:\Program Files\Java\jdk-23\bin\zip.dll
Event: 0.432 Loaded shared library C:\Program Files\JetBrains\IntelliJ IDEA Community Edition 2024.3.3\bin\breakgen64.dll
Event: 0.446 Loaded shared library C:\Program Files\Java\jdk-23\bin\extnet.dll
Event: 0.513 Loaded shared library C:\Program Files\Java\jdk-23\bin\jimage.dll
Event: 0.941 Loaded shared library C:\Program Files\Java\jdk-23\bin\management.dll
Event: 0.948 Loaded shared library C:\Program Files\Java\jdk-23\bin\management_ext.dll
Event: 2.407 Loaded shared library C:\Program Files\Java\jdk-23\bin\sunmscapi.dll
Event: 5.965 Loaded shared library C:\Program Files\Java\jdk-23\bin\verify.dll

Deoptimization events (20 events):
Event: 5983.162 Thread 0x0000012f56d2a410 Uncommon trap: trap_request=0xffffffd6 fr.pc=0x0000012f07b76d1c relative=0x00000000000003bc
Event: 5983.162 Thread 0x0000012f56d2a410 Uncommon trap: reason=array_check action=maybe_recompile pc=0x0000012f07b76d1c method=java.util.concurrent.ScheduledThreadPoolExecutor$DelayedWorkQueue.siftUp(ILjava/util/concurrent/RunnableScheduledFuture;)V @ 39 c2
Event: 5983.162 Thread 0x0000012f56d2a410 DEOPT PACKING pc=0x0000012f07b76d1c sp=0x00000014152ff490
Event: 5983.162 Thread 0x0000012f56d2a410 DEOPT UNPACKING pc=0x0000012f07584402 sp=0x00000014152ff448 mode 2
Event: 5983.556 Thread 0x0000012f56d2a410 Uncommon trap: trap_request=0xffffffd6 fr.pc=0x0000012f07b58e04 relative=0x00000000000008a4
Event: 5983.556 Thread 0x0000012f56d2a410 Uncommon trap: reason=array_check action=maybe_recompile pc=0x0000012f07b58e04 method=java.util.concurrent.ScheduledThreadPoolExecutor$DelayedWorkQueue.siftUp(ILjava/util/concurrent/RunnableScheduledFuture;)V @ 57 c2
Event: 5983.556 Thread 0x0000012f56d2a410 DEOPT PACKING pc=0x0000012f07b58e04 sp=0x00000014152ff5a0
Event: 5983.556 Thread 0x0000012f56d2a410 DEOPT UNPACKING pc=0x0000012f07584402 sp=0x00000014152ff410 mode 2
Event: 5984.543 Thread 0x0000012f56d2aaa0 Uncommon trap: trap_request=0xffffffd6 fr.pc=0x0000012f07b58e04 relative=0x00000000000008a4
Event: 5984.543 Thread 0x0000012f56d2aaa0 Uncommon trap: reason=array_check action=maybe_recompile pc=0x0000012f07b58e04 method=java.util.concurrent.ScheduledThreadPoolExecutor$DelayedWorkQueue.siftUp(ILjava/util/concurrent/RunnableScheduledFuture;)V @ 57 c2
Event: 5984.543 Thread 0x0000012f56d2aaa0 DEOPT PACKING pc=0x0000012f07b58e04 sp=0x00000014153ff210
Event: 5984.543 Thread 0x0000012f56d2aaa0 DEOPT UNPACKING pc=0x0000012f07584402 sp=0x00000014153ff080 mode 2
Event: 5986.749 Thread 0x0000012f58ad14e0 DEOPT PACKING pc=0x0000012f007bc43c sp=0x0000001412ffdb30
Event: 5986.751 Thread 0x0000012f58ad14e0 DEOPT UNPACKING pc=0x0000012f07584b22 sp=0x0000001412ffcff0 mode 0
Event: 5986.913 Thread 0x0000012f58ad14e0 DEOPT PACKING pc=0x0000012f0007c526 sp=0x0000001412ffd7e0
Event: 5986.921 Thread 0x0000012f58ad14e0 DEOPT UNPACKING pc=0x0000012f07584b22 sp=0x0000001412ffcc58 mode 0
Event: 5987.796 Thread 0x0000012f58ad14e0 DEOPT PACKING pc=0x0000012f00632ac1 sp=0x0000001412ffe820
Event: 5987.798 Thread 0x0000012f58ad14e0 DEOPT UNPACKING pc=0x0000012f07584b22 sp=0x0000001412ffdc90 mode 0
Event: 5988.419 Thread 0x0000012f58ad14e0 DEOPT PACKING pc=0x0000012f00632ac1 sp=0x0000001412ffe620
Event: 5988.419 Thread 0x0000012f58ad14e0 DEOPT UNPACKING pc=0x0000012f07584b22 sp=0x0000001412ffda90 mode 0

Classes loaded (20 events):
Event: 217.263 Loading class java/util/OptionalDouble
Event: 217.263 Loading class java/util/OptionalDouble done
Event: 217.282 Loading class org/w3c/dom/Node
Event: 217.283 Loading class org/w3c/dom/Node done
Event: 217.283 Loading class org/w3c/dom/Document
Event: 217.283 Loading class org/w3c/dom/Document done
Event: 217.893 Loading class jdk/internal/reflect/MethodHandleFloatFieldAccessorImpl
Event: 217.894 Loading class jdk/internal/reflect/MethodHandleFloatFieldAccessorImpl done
Event: 218.066 Loading class java/util/stream/LongStream
Event: 218.067 Loading class java/util/stream/LongStream done
Event: 218.067 Loading class java/util/stream/DoubleStream
Event: 218.068 Loading class java/util/stream/DoubleStream done
Event: 5982.645 Loading class sun/security/ssl/Alert
Event: 5983.211 Loading class sun/security/ssl/Alert done
Event: 5983.288 Loading class sun/security/ssl/Alert$AlertConsumer
Event: 5983.506 Loading class sun/security/ssl/Alert$AlertConsumer done
Event: 5983.515 Loading class sun/security/ssl/Alert$Level
Event: 5983.590 Loading class sun/security/ssl/Alert$Level done
Event: 5983.944 Loading class sun/net/ConnectionResetException
Event: 5984.041 Loading class sun/net/ConnectionResetException done

Classes unloaded (0 events):
No events

Classes redefined (0 events):
No events

Internal exceptions (20 events):
Event: 9.937 Thread 0x0000012f54aa6570 Exception <a 'java/lang/IncompatibleClassChangeError'{0x000000008d56bcb0}: Found class java.lang.Object, but interface was expected> (0x000000008d56bcb0) 
thrown [s\open\src\hotspot\share\interpreter\linkResolver.cpp, line 863]
Event: 10.320 Thread 0x0000012f54aa6570 Exception <a 'java/lang/NoSuchMethodError'{0x000000008f0c1c00}: 'int java.lang.invoke.DirectMethodHandle$Holder.invokeStaticInit(java.lang.Object, java.lang.Object, java.lang.Object, java.lang.Object)'> (0x000000008f0c1c00) 
thrown [s\open\src\hotspot\share\interpreter\linkResolver.cpp, line 796]
Event: 10.367 Thread 0x0000012f54aa6570 Exception <a 'java/lang/IncompatibleClassChangeError'{0x000000008ee45360}: Found class java.lang.Object, but interface was expected> (0x000000008ee45360) 
thrown [s\open\src\hotspot\share\interpreter\linkResolver.cpp, line 863]
Event: 10.502 Thread 0x0000012f54aa6570 Exception <a 'java/lang/NoSuchMethodError'{0x000000008d4b9608}: 'java.lang.Object java.lang.invoke.DirectMethodHandle$Holder.newInvokeSpecial(java.lang.Object, java.lang.Object, int, java.lang.Object, java.lang.Object)'> (0x000000008d4b9608) 
thrown [s\open\src\hotspot\share\interpreter\linkResolver.cpp, line 796]
Event: 216.843 Thread 0x0000012f58acd340 Exception <a 'java/lang/NoSuchMethodError'{0x000000008ee90b60}: 'java.lang.Object java.lang.invoke.DirectMethodHandle$Holder.invokeStatic(java.lang.Object, java.lang.Object, java.lang.Object, int, int)'> (0x000000008ee90b60) 
thrown [s\open\src\hotspot\share\interpreter\linkResolver.cpp, line 796]
Event: 216.847 Thread 0x0000012f58acd340 Exception <a 'java/lang/NoSuchMethodError'{0x000000008ee942d0}: 'java.lang.Object java.lang.invoke.DirectMethodHandle$Holder.invokeStaticInit(java.lang.Object, java.lang.Object, java.lang.Object, int, int)'> (0x000000008ee942d0) 
thrown [s\open\src\hotspot\share\interpreter\linkResolver.cpp, line 796]
Event: 216.979 Thread 0x0000012f58021d40 Exception <a 'java/lang/NoSuchMethodError'{0x000000008d7ded88}: 'java.lang.Object java.lang.invoke.DirectMethodHandle$Holder.invokeSpecial(java.lang.Object, java.lang.Object, java.lang.Object, java.lang.Object, java.lang.Object, long)'> (0x000000008d7ded88) 
thrown [s\open\src\hotspot\share\interpreter\linkResolver.cpp, line 796]
Event: 216.979 Thread 0x0000012f58021d40 Exception <a 'java/lang/NoSuchMethodError'{0x000000008d7e2518}: 'java.lang.Object java.lang.invoke.Invokers$Holder.linkToTargetMethod(java.lang.Object, java.lang.Object, java.lang.Object, long, java.lang.Object)'> (0x000000008d7e2518) 
thrown [s\open\src\hotspot\share\interpreter\linkResolver.cpp, line 796]
Event: 217.717 Thread 0x0000012f58020300 Exception <a 'java/lang/NoSuchMethodError'{0x000000008ee55500}: 'void java.lang.invoke.DirectMethodHandle$Holder.invokeSpecialIFC(java.lang.Object, java.lang.Object, int, java.lang.Object, java.lang.Object, java.lang.Object, java.lang.Object)'> (0x000000008ee55500) 
thrown [s\open\src\hotspot\share\interpreter\linkResolver.cpp, line 796]
Event: 217.892 Thread 0x0000012f58020300 Exception <a 'java/lang/NoSuchMethodError'{0x000000008d68fcc8}: 'int java.lang.invoke.Invokers$Holder.invokeExact_MT(java.lang.Object, java.lang.Object, java.lang.Object)'> (0x000000008d68fcc8) 
thrown [s\open\src\hotspot\share\interpreter\linkResolver.cpp, line 796]
Event: 217.896 Thread 0x0000012f58020300 Exception <a 'java/lang/NoSuchMethodError'{0x000000008d69ba18}: 'float java.lang.invoke.DelegatingMethodHandle$Holder.reinvoke_L(java.lang.Object, java.lang.Object)'> (0x000000008d69ba18) 
thrown [s\open\src\hotspot\share\interpreter\linkResolver.cpp, line 796]
Event: 217.899 Thread 0x0000012f58020300 Exception <a 'java/lang/NoSuchMethodError'{0x000000008d6a68f8}: 'void java.lang.invoke.DelegatingMethodHandle$Holder.reinvoke_L(java.lang.Object, java.lang.Object, float)'> (0x000000008d6a68f8) 
thrown [s\open\src\hotspot\share\interpreter\linkResolver.cpp, line 796]
Event: 217.900 Thread 0x0000012f58020300 Exception <a 'java/lang/NoSuchMethodError'{0x000000008d6adcb8}: 'float java.lang.invoke.Invokers$Holder.invokeExact_MT(java.lang.Object, java.lang.Object, java.lang.Object)'> (0x000000008d6adcb8) 
thrown [s\open\src\hotspot\share\interpreter\linkResolver.cpp, line 796]
Event: 217.923 Thread 0x0000012f58020300 Exception <a 'java/lang/NoSuchMethodError'{0x000000008d5152a8}: 'void java.lang.invoke.Invokers$Holder.invokeExact_MT(java.lang.Object, java.lang.Object, int, java.lang.Object)'> (0x000000008d5152a8) 
thrown [s\open\src\hotspot\share\interpreter\linkResolver.cpp, line 796]
Event: 217.949 Thread 0x0000012f58020300 Exception <a 'java/lang/NoSuchMethodError'{0x000000008d583c08}: 'int java.lang.invoke.DirectMethodHandle$Holder.invokeStatic(java.lang.Object, java.lang.Object, int, int)'> (0x000000008d583c08) 
thrown [s\open\src\hotspot\share\interpreter\linkResolver.cpp, line 796]
Event: 217.989 Thread 0x0000012f58020300 Exception <a 'java/lang/NoSuchMethodError'{0x000000008d5f33f0}: 'java.lang.Object java.lang.invoke.DirectMethodHandle$Holder.invokeInterface(java.lang.Object, java.lang.Object, java.lang.Object, java.lang.Object)'> (0x000000008d5f33f0) 
thrown [s\open\src\hotspot\share\interpreter\linkResolver.cpp, line 796]
Event: 218.032 Thread 0x0000012f58020300 Exception <a 'java/lang/NoSuchMethodError'{0x000000008d496128}: 'int java.lang.invoke.DirectMethodHandle$Holder.invokeInterface(java.lang.Object, java.lang.Object, java.lang.Object, int, java.lang.Object, java.lang.Object)'> (0x000000008d496128) 
thrown [s\open\src\hotspot\share\interpreter\linkResolver.cpp, line 796]
Event: 218.032 Thread 0x0000012f58020300 Exception <a 'java/lang/IncompatibleClassChangeError'{0x000000008d49a340}: Found class java.lang.Object, but interface was expected> (0x000000008d49a340) 
thrown [s\open\src\hotspot\share\interpreter\linkResolver.cpp, line 863]
Event: 5983.670 Thread 0x0000012f58ad42d0 Exception <a 'java/io/IOException'{0x000000008f002fe8}> (0x000000008f002fe8) 
thrown [s\open\src\hotspot\share\prims\jni.cpp, line 520]
Event: 5983.923 Thread 0x0000012f58ad42d0 Exception <a 'java/io/IOException'{0x000000008f004480}> (0x000000008f004480) 
thrown [s\open\src\hotspot\share\prims\jni.cpp, line 520]

VM Operations (20 events):
Event: 217.222 Executing VM operation: HandshakeAllThreads (Deoptimize)
Event: 217.222 Executing VM operation: HandshakeAllThreads (Deoptimize) done
Event: 217.323 Executing VM operation: HandshakeAllThreads (Deoptimize)
Event: 217.323 Executing VM operation: HandshakeAllThreads (Deoptimize) done
Event: 217.326 Executing VM operation: G1CollectForAllocation (G1 Evacuation Pause)
Event: 217.334 Executing VM operation: G1CollectForAllocation (G1 Evacuation Pause) done
Event: 217.868 Executing VM operation: HandshakeAllThreads (Deoptimize)
Event: 217.869 Executing VM operation: HandshakeAllThreads (Deoptimize) done
Event: 218.050 Executing VM operation: HandshakeAllThreads (Deoptimize)
Event: 218.050 Executing VM operation: HandshakeAllThreads (Deoptimize) done
Event: 240.645 Executing VM operation: HandshakeAllThreads (HandshakeForDeflation)
Event: 240.645 Executing VM operation: HandshakeAllThreads (HandshakeForDeflation) done
Event: 240.646 Executing VM operation: RendezvousGCThreads
Event: 240.646 Executing VM operation: RendezvousGCThreads done
Event: 284.575 Executing VM operation: G1CollectForAllocation (G1 Evacuation Pause)
Event: 284.580 Executing VM operation: G1CollectForAllocation (G1 Evacuation Pause) done
Event: 284.630 Executing VM operation: G1PauseRemark
Event: 284.641 Executing VM operation: G1PauseRemark done
Event: 284.655 Executing VM operation: G1PauseCleanup
Event: 284.655 Executing VM operation: G1PauseCleanup done

Memory protections (0 events):
No events

Nmethod flushes (20 events):
Event: 284.639 Thread 0x0000012f7fa1c8c0 flushing  nmethod 0x0000012f07c51c08
Event: 284.639 Thread 0x0000012f7fa1c8c0 flushing  nmethod 0x0000012f07d36208
Event: 284.639 Thread 0x0000012f7fa1c8c0 flushing  nmethod 0x0000012f00121c88
Event: 284.639 Thread 0x0000012f7fa1c8c0 flushing  nmethod 0x0000012f00172308
Event: 284.639 Thread 0x0000012f7fa1c8c0 flushing  nmethod 0x0000012f00204e88
Event: 284.639 Thread 0x0000012f7fa1c8c0 flushing  nmethod 0x0000012f00205188
Event: 284.639 Thread 0x0000012f7fa1c8c0 flushing  nmethod 0x0000012f002aa088
Event: 284.639 Thread 0x0000012f7fa1c8c0 flushing  nmethod 0x0000012f00407208
Event: 284.639 Thread 0x0000012f7fa1c8c0 flushing  nmethod 0x0000012f00564108
Event: 284.639 Thread 0x0000012f7fa1c8c0 flushing  nmethod 0x0000012f00673308
Event: 284.639 Thread 0x0000012f7fa1c8c0 flushing  nmethod 0x0000012f00747d08
Event: 284.639 Thread 0x0000012f7fa1c8c0 flushing  nmethod 0x0000012f007f2f88
Event: 284.639 Thread 0x0000012f7fa1c8c0 flushing  nmethod 0x0000012f07c8df08
Event: 284.639 Thread 0x0000012f7fa1c8c0 flushing  nmethod 0x0000012f07c98b88
Event: 284.639 Thread 0x0000012f7fa1c8c0 flushing  nmethod 0x0000012f07d03288
Event: 284.639 Thread 0x0000012f7fa1c8c0 flushing  nmethod 0x0000012f07d27c88
Event: 284.639 Thread 0x0000012f7fa1c8c0 flushing  nmethod 0x0000012f000ce408
Event: 284.639 Thread 0x0000012f7fa1c8c0 flushing  nmethod 0x0000012f00100508
Event: 284.639 Thread 0x0000012f7fa1c8c0 flushing  nmethod 0x0000012f00159d08
Event: 284.639 Thread 0x0000012f7fa1c8c0 flushing  nmethod 0x0000012f00377488

Events (20 events):
Event: 10.520 Thread 0x0000012f54aa6570 Thread added: 0x0000012f58acf410
Event: 10.520 Thread 0x0000012f54aa6570 Thread added: 0x0000012f58acfaa0
Event: 10.520 Thread 0x0000012f54aa6570 Thread added: 0x0000012f58ace060
Event: 10.521 Thread 0x0000012f54aa6570 Thread added: 0x0000012f58ad07c0
Event: 10.521 Thread 0x0000012f54aa6570 Thread added: 0x0000012f58ad0130
Event: 10.521 Thread 0x0000012f54aa6570 Thread added: 0x0000012f58acd9d0
Event: 10.539 Thread 0x0000012f54aa6570 Thread added: 0x0000012f58aced80
Event: 10.541 Thread 0x0000012f54aa6570 Thread added: 0x0000012f58acd340
Event: 10.563 Thread 0x0000012f54aa6570 Thread exited: 0x0000012f54aa6570
Event: 10.570 Thread 0x0000012f54a8d1c0 Thread exited: 0x0000012f54a8d1c0
Event: 10.570 Thread 0x0000012f6f79e670 Thread exited: 0x0000012f6f79e670
Event: 10.570 Thread 0x0000012f58ad1b70 Thread added: 0x0000012f58ad1b70
Event: 11.490 Thread 0x0000012f557406a0 Thread exited: 0x0000012f557406a0
Event: 12.758 Thread 0x0000012f5801e8c0 Thread exited: 0x0000012f5801e8c0
Event: 217.443 Thread 0x0000012f7fa55670 Thread added: 0x0000012f59251230
Event: 223.135 Thread 0x0000012f59251230 Thread exited: 0x0000012f59251230
Event: 3978.613 Thread 0x0000012f7fa533b0 Thread added: 0x0000012f59251900
Event: 5969.664 Thread 0x0000012f59251900 Thread exited: 0x0000012f59251900
Event: 5982.292 Thread 0x0000012f58020990 Thread added: 0x0000012f58ad42d0
Event: 5984.511 Thread 0x0000012f58ad42d0 Thread added: 0x0000012f58ad14e0


Dynamic libraries:
0x00007ff6f7060000 - 0x00007ff6f7070000 	C:\Program Files\Java\jdk-23\bin\java.exe
0x00007ffe3d0e0000 - 0x00007ffe3d349000 	C:\WINDOWS\SYSTEM32\ntdll.dll
0x00007ffe3ca00000 - 0x00007ffe3cac9000 	C:\WINDOWS\System32\KERNEL32.DLL
0x00007ffe3a4a0000 - 0x00007ffe3a893000 	C:\WINDOWS\System32\KERNELBASE.dll
0x00007ffe3aa80000 - 0x00007ffe3abcb000 	C:\WINDOWS\System32\ucrtbase.dll
0x00007ffe37290000 - 0x00007ffe372ab000 	C:\Program Files\Java\jdk-23\bin\VCRUNTIME140.dll
0x00007ffe35440000 - 0x00007ffe35457000 	C:\Program Files\Java\jdk-23\bin\jli.dll
0x00007ffe3cb00000 - 0x00007ffe3ccc4000 	C:\WINDOWS\System32\USER32.dll
0x00007ffe3abd0000 - 0x00007ffe3abf7000 	C:\WINDOWS\System32\win32u.dll
0x00007ffe1de30000 - 0x00007ffe1e0c3000 	C:\WINDOWS\WinSxS\amd64_microsoft.windows.common-controls_6595b64144ccf1df_6.0.26100.5074_none_3e0d6f78e32fd63f\COMCTL32.dll
0x00007ffe3ccd0000 - 0x00007ffe3ccfb000 	C:\WINDOWS\System32\GDI32.dll
0x00007ffe3ce30000 - 0x00007ffe3ced9000 	C:\WINDOWS\System32\msvcrt.dll
0x00007ffe3ac00000 - 0x00007ffe3ad2d000 	C:\WINDOWS\System32\gdi32full.dll
0x00007ffe3a9d0000 - 0x00007ffe3aa73000 	C:\WINDOWS\System32\msvcp_win.dll
0x00007ffe3b020000 - 0x00007ffe3b04f000 	C:\WINDOWS\System32\IMM32.DLL
0x00007ffe35430000 - 0x00007ffe3543c000 	C:\Program Files\Java\jdk-23\bin\vcruntime140_1.dll
0x00007ffe20890000 - 0x00007ffe2091e000 	C:\Program Files\Java\jdk-23\bin\msvcp140.dll
0x00007ffdbf540000 - 0x00007ffdc0290000 	C:\Program Files\Java\jdk-23\bin\server\jvm.dll
0x00007ffe3c8b0000 - 0x00007ffe3c964000 	C:\WINDOWS\System32\ADVAPI32.dll
0x00007ffe3bf90000 - 0x00007ffe3c036000 	C:\WINDOWS\System32\sechost.dll
0x00007ffe3cd00000 - 0x00007ffe3ce18000 	C:\WINDOWS\System32\RPCRT4.dll
0x00007ffe3b170000 - 0x00007ffe3b1e4000 	C:\WINDOWS\System32\WS2_32.dll
0x00007ffe39f40000 - 0x00007ffe39f9e000 	C:\WINDOWS\SYSTEM32\POWRPROF.dll
0x00007ffe32460000 - 0x00007ffe3246b000 	C:\WINDOWS\SYSTEM32\VERSION.dll
0x00007ffe32420000 - 0x00007ffe32455000 	C:\WINDOWS\SYSTEM32\WINMM.dll
0x00007ffe39f20000 - 0x00007ffe39f34000 	C:\WINDOWS\SYSTEM32\UMPDC.dll
0x00007ffe39050000 - 0x00007ffe3906b000 	C:\WINDOWS\SYSTEM32\kernel.appcore.dll
0x00007ffe35400000 - 0x00007ffe3540a000 	C:\Program Files\Java\jdk-23\bin\jimage.dll
0x00007ffe2aed0000 - 0x00007ffe2b112000 	C:\WINDOWS\SYSTEM32\DBGHELP.DLL
0x00007ffe3b270000 - 0x00007ffe3b5eb000 	C:\WINDOWS\System32\combase.dll
0x00007ffe3c7d0000 - 0x00007ffe3c8a7000 	C:\WINDOWS\System32\OLEAUT32.dll
0x00007ffe1f1e0000 - 0x00007ffe1f21d000 	C:\WINDOWS\SYSTEM32\dbgcore.DLL
0x00007ffe3a930000 - 0x00007ffe3a9c9000 	C:\WINDOWS\System32\bcryptPrimitives.dll
0x00007ffe353f0000 - 0x00007ffe353ff000 	C:\Program Files\Java\jdk-23\bin\instrument.dll
0x00007ffe29fc0000 - 0x00007ffe29fde000 	C:\Program Files\Java\jdk-23\bin\java.dll
0x00007ffe3c040000 - 0x00007ffe3c1d8000 	C:\WINDOWS\System32\ole32.dll
0x00007ffe3b7d0000 - 0x00007ffe3bf1d000 	C:\WINDOWS\System32\SHELL32.dll
0x00007ffe3a330000 - 0x00007ffe3a49c000 	C:\WINDOWS\System32\wintypes.dll
0x00007ffe37e70000 - 0x00007ffe386c9000 	C:\WINDOWS\SYSTEM32\windows.storage.dll
0x00007ffe3b060000 - 0x00007ffe3b150000 	C:\WINDOWS\System32\SHCORE.dll
0x00007ffe3bf20000 - 0x00007ffe3bf82000 	C:\WINDOWS\System32\shlwapi.dll
0x00007ffe3a190000 - 0x00007ffe3a1b9000 	C:\WINDOWS\SYSTEM32\profapi.dll
0x00007ffdf1290000 - 0x00007ffdf1367000 	C:\Program Files\Java\jdk-23\bin\jsvml.dll
0x00007ffe28d30000 - 0x00007ffe28d47000 	C:\Program Files\Java\jdk-23\bin\zip.dll
0x00007ffe29f00000 - 0x00007ffe29f10000 	C:\Program Files\Java\jdk-23\bin\net.dll
0x00007ffe395d0000 - 0x00007ffe3963b000 	C:\WINDOWS\system32\mswsock.dll
0x00007ffe29ee0000 - 0x00007ffe29ef6000 	C:\Program Files\Java\jdk-23\bin\nio.dll
0x00007ffe28d10000 - 0x00007ffe28d2a000 	C:\Program Files\JetBrains\IntelliJ IDEA Community Edition 2024.3.3\bin\breakgen64.dll
0x00007ffe28d00000 - 0x00007ffe28d09000 	C:\Program Files\Java\jdk-23\bin\extnet.dll
0x00007ffe28ce0000 - 0x00007ffe28cea000 	C:\Program Files\Java\jdk-23\bin\management.dll
0x00007ffe26f30000 - 0x00007ffe26f3b000 	C:\Program Files\Java\jdk-23\bin\management_ext.dll
0x00007ffe3ce20000 - 0x00007ffe3ce28000 	C:\WINDOWS\System32\PSAPI.DLL
0x00007ffe28cf0000 - 0x00007ffe28cfe000 	C:\Program Files\Java\jdk-23\bin\sunmscapi.dll
0x00007ffe3ad30000 - 0x00007ffe3aea7000 	C:\WINDOWS\System32\CRYPT32.dll
0x00007ffe39a80000 - 0x00007ffe39ab0000 	C:\WINDOWS\SYSTEM32\ncrypt.dll
0x00007ffe39a30000 - 0x00007ffe39a6f000 	C:\WINDOWS\SYSTEM32\NTASN1.dll
0x00007ffe39870000 - 0x00007ffe3988b000 	C:\WINDOWS\SYSTEM32\CRYPTSP.dll
0x00007ffe38fb0000 - 0x00007ffe38feb000 	C:\WINDOWS\system32\rsaenh.dll
0x00007ffe39670000 - 0x00007ffe3969b000 	C:\WINDOWS\SYSTEM32\USERENV.dll
0x00007ffe3a160000 - 0x00007ffe3a186000 	C:\WINDOWS\SYSTEM32\bcrypt.dll
0x00007ffe39ec0000 - 0x00007ffe39ecc000 	C:\WINDOWS\SYSTEM32\CRYPTBASE.dll
0x00007ffe389f0000 - 0x00007ffe38a24000 	C:\WINDOWS\SYSTEM32\IPHLPAPI.DLL
0x00007ffe3b160000 - 0x00007ffe3b16a000 	C:\WINDOWS\System32\NSI.dll
0x00007ffe20880000 - 0x00007ffe20890000 	C:\Program Files\Java\jdk-23\bin\verify.dll
0x00007ffe38aa0000 - 0x00007ffe38bc6000 	C:\WINDOWS\SYSTEM32\DNSAPI.dll
0x00007ffe33b80000 - 0x00007ffe33b8b000 	C:\Windows\System32\rasadhlp.dll
0x00007ffe343b0000 - 0x00007ffe34436000 	C:\WINDOWS\System32\fwpuclnt.dll
0x00007ffdf4c30000 - 0x00007ffdf4c38000 	C:\WINDOWS\system32\wshunix.dll

dbghelp: loaded successfully - version: 4.0.5 - missing functions: none
symbol engine: initialized successfully - sym options: 0x614 - pdb path: .;C:\Program Files\Java\jdk-23\bin;C:\WINDOWS\SYSTEM32;C:\WINDOWS\WinSxS\amd64_microsoft.windows.common-controls_6595b64144ccf1df_6.0.26100.5074_none_3e0d6f78e32fd63f;C:\Program Files\Java\jdk-23\bin\server;C:\Program Files\JetBrains\IntelliJ IDEA Community Edition 2024.3.3\bin

VM Arguments:
jvm_args: -javaagent:C:\Program Files\JetBrains\IntelliJ IDEA Community Edition 2024.3.3\lib\idea_rt.jar=50863:C:\Program Files\JetBrains\IntelliJ IDEA Community Edition 2024.3.3\bin -Dfile.encoding=UTF-8 -Dsun.stdout.encoding=UTF-8 -Dsun.stderr.encoding=UTF-8 
java_command: com.codeBuddy.codeBuddy_Backend.CodeBuddyBackendApplication
java_class_path (initial): C:\Users\hp\OneDrive\Desktop\codeBuddy_Backend\target\classes;C:\Users\hp\.m2\repository\org\springframework\boot\spring-boot-starter-data-jpa\3.5.3\spring-boot-starter-data-jpa-3.5.3.jar;C:\Users\hp\.m2\repository\org\springframework\boot\spring-boot-starter\3.5.3\spring-boot-starter-3.5.3.jar;C:\Users\hp\.m2\repository\org\springframework\boot\spring-boot-starter-logging\3.5.3\spring-boot-starter-logging-3.5.3.jar;C:\Users\hp\.m2\repository\ch\qos\logback\logback-classic\1.5.18\logback-classic-1.5.18.jar;C:\Users\hp\.m2\repository\ch\qos\logback\logback-core\1.5.18\logback-core-1.5.18.jar;C:\Users\hp\.m2\repository\org\apache\logging\log4j\log4j-to-slf4j\2.24.3\log4j-to-slf4j-2.24.3.jar;C:\Users\hp\.m2\repository\org\apache\logging\log4j\log4j-api\2.24.3\log4j-api-2.24.3.jar;C:\Users\hp\.m2\repository\org\slf4j\jul-to-slf4j\2.0.17\jul-to-slf4j-2.0.17.jar;C:\Users\hp\.m2\repository\jakarta\annotation\jakarta.annotation-api\2.1.1\jakarta.annotation-api-2.1.1.jar;C:\Users\hp\.m2\repository\org\springframework\spring-core\6.2.8\spring-core-6.2.8.jar;C:\Users\hp\.m2\repository\org\springframework\spring-jcl\6.2.8\spring-jcl-6.2.8.jar;C:\Users\hp\.m2\repository\org\yaml\snakeyaml\2.4\snakeyaml-2.4.jar;C:\Users\hp\.m2\repository\org\springframework\boot\spring-boot-starter-jdbc\3.5.3\spring-boot-starter-jdbc-3.5.3.jar;C:\Users\hp\.m2\repository\com\zaxxer\HikariCP\6.3.0\HikariCP-6.3.0.jar;C:\Users\hp\.m2\repository\org\springframework\spring-jdbc\6.2.8\spring-jdbc-6.2.8.jar;C:\Users\hp\.m2\repository\org\hibernate\orm\hibernate-core\6.6.18.Final\hibernate-core-6.6.18.Final.jar;C:\Users\hp\.m2\repository\jakarta\persistence\jakarta.persistence-api\3.1.0\jakarta.persistence-api-3.1.0.jar;C:\Users\hp\.m2\repository\jakarta\transaction\jakarta.transaction-api\2.0.1\jakarta.transaction-api-2.0.1.jar;C:\Users\hp\.m2\repository\org\jboss\logging\jboss-logging\3.6.1.Final\jboss-logging-3.6.1.Final.jar;C:\Users\hp\.m2\repository\org\hibernate\common\hibernate-commons-annotations\7.0.3.Final\hibernate-commons-annotations-7.0.3.Final.jar;C:\Users\hp\.m2\repository\io\smallrye\jandex\3.2.0\jandex-3.2.0.jar;C:\Users\hp\.m2\repository\com\fasterxml\classmate\1.7.0\classmate-1.7.0.jar;C:\Users\hp\.m2\repository\net\bytebuddy\byte-buddy\1.17.6\byte-buddy-1.17.6.jar;C:\Users\hp\.m2\repository\jakarta\xml\bind\jakarta.xml.bind-api\4.0.2\jakarta.xml.bind-api-4.0.2.jar;C:\Users\hp\.m2\repository\org\glassfish\jaxb\jaxb-runtime\4.0.5\jaxb-runtime-4.0.5.jar;C:\Users\hp\.m2\repository\org\glassfish\jaxb\jaxb-core\4.0.5\jaxb-core-4.0.5.jar;C:\Users\hp\.m2\repository\org\glassfish\jaxb\txw2\4.0.5\txw2-4.0.5.jar;C:\Users\hp\.m2\repository\com\sun\istack\istack-commons-runtime\4.1.2\istack-commons-runtime-4.1.2.jar;C:\Users\hp\.m2\repository\jakarta\inject\jakarta.inject-api\2.0.1\jakarta.inject-api-2.0.1.jar;C:\Users\hp\.m2\repository\org\antlr\antlr4-runtime\4.13.0\antlr4-runtime-4.13.0.jar;C:\Users\hp\.m2\repository\org\springframework\data\spring-data-jpa\3.5.1\spring-data-jpa-3.5.1.jar;C:\Users\hp\.m2\repository\org\springframework\data\spring-data-commons\3.5.1\spring-data-commons-3.5.1.jar;C:\Users\hp\.m2\repository\org\springframework\spring-orm\6.2.8\spring-orm-6.2.8.jar;C:\Users\hp\.m2\repository\org\springframework\spring-context\6.2.8\spring-context-6.2.8.jar;C:\Users\hp\.m2\repository\org\springframework\spring-tx\6.2.8\spring-tx-6.2.8.jar;C:\Users\hp\.m2\repository\org\springframework\spring-beans\6.2.8\spring-beans-6.2.8.jar;C:\Users\hp\.m2\repository\org\slf4j\slf4j-api\2.0.17\slf4j-api-2.0.17.jar;C:\Users\hp\.m2\repository\org\springframework\spring-aspects\6.2.8\spring-aspects-6.2.8.jar;C:\Users\hp\.m2\repository\org\aspectj\aspectjweaver\1.9.24\aspectjweaver-1.9.24.jar;C:\Users\hp\.m2\repository\org\springframework\boot\spring-boot-starter-security\3.5.3\spring-boot-starter-security-3.5.3.jar;C:\Users\hp\.m2\repository\org\springframework\spring-aop\6.2.8\spring-aop-6.2.8.jar;C:\Users\hp\.m2\repository\org\springframework\security\spring-security-config\6.5.1\spring-security-config-6.5.1.jar;C:\Users\hp\.m2\repository\org\springframework\security\spring-security-core\6.5.1\spring-security-core-6.5.1.jar;C:\Users\hp\.m2\repository\org\springframework\security\spring-security-crypto\6.5.1\spring-security-crypto-6.5.1.jar;C:\Users\hp\.m2\repository\org\springframework\security\spring-security-web\6.5.1\spring-security-web-6.5.1.jar;C:\Users\hp\.m2\repository\org\springframework\spring-expression\6.2.8\spring-expression-6.2.8.jar;C:\Users\hp\.m2\repository\org\springframework\boot\spring-boot-starter-web\3.5.3\spring-boot-starter-web-3.5.3.jar;C:\Users\hp\.m2\repository\org\springframework\boot\spring-boot-starter-json\3.5.3\spring-boot-starter-json-3.5.3.jar;C:\Users\hp\.m2\repository\com\fasterxml\jackson\core\jackson-databind\2.19.1\jackson-databind-2.19.1.jar;C:\Users\hp\.m2\repository\com\fasterxml\jackson\core\jackson-annotations\2.19.1\jackson-annotations-2.19.1.jar;C:\Users\hp\.m2\repository\com\fasterxml\jackson\core\jackson-core\2.19.1\jackson-core-2.19.1.jar;C:\Users\hp\.m2\repository\com\fasterxml\jackson\datatype\jackson-datatype-jdk8\2.19.1\jackson-datatype-jdk8-2.19.1.jar;C:\Users\hp\.m2\repository\com\fasterxml\jackson\datatype\jackson-datatype-jsr310\2.19.1\jackson-datatype-jsr310-2.19.1.jar;C:\Users\hp\.m2\repository\com\fasterxml\jackson\module\jackson-module-parameter-names\2.19.1\jackson-module-parameter-names-2.19.1.jar;C:\Users\hp\.m2\repository\org\springframework\boot\spring-boot-starter-tomcat\3.5.3\spring-boot-starter-tomcat-3.5.3.jar;C:\Users\hp\.m2\repository\org\apache\tomcat\embed\tomcat-embed-core\10.1.42\tomcat-embed-core-10.1.42.jar;C:\Users\hp\.m2\repository\org\apache\tomcat\embed\tomcat-embed-el\10.1.42\tomcat-embed-el-10.1.42.jar;C:\Users\hp\.m2\repository\org\apache\tomcat\embed\tomcat-embed-websocket\10.1.42\tomcat-embed-websocket-10.1.42.jar;C:\Users\hp\.m2\repository\org\springframework\spring-web\6.2.8\spring-web-6.2.8.jar;C:\Users\hp\.m2\repository\io\micrometer\micrometer-observation\1.15.1\micrometer-observation-1.15.1.jar;C:\Users\hp\.m2\repository\io\micrometer\micrometer-commons\1.15.1\micrometer-commons-1.15.1.jar;C:\Users\hp\.m2\repository\org\springframework\spring-webmvc\6.2.8\spring-webmvc-6.2.8.jar;C:\Users\hp\.m2\repository\com\mysql\mysql-connector-j\9.2.0\mysql-connector-j-9.2.0.jar;C:\Users\hp\.m2\repository\org\springframework\boot\spring-boot-starter-mail\3.5.5\spring-boot-starter-mail-3.5.5.jar;C:\Users\hp\.m2\repository\org\springframework\spring-context-support\6.2.8\spring-context-support-6.2.8.jar;C:\Users\hp\.m2\repository\org\eclipse\angus\jakarta.mail\2.0.3\jakarta.mail-2.0.3.jar;C:\Users\hp\.m2\repository\jakarta\activation\jakarta.activation-api\2.1.3\jakarta.activation-api-2.1.3.jar;C:\Users\hp\.m2\repository\org\eclipse\angus\angus-activation\2.0.2\angus-activation-2.0.2.jar;C:\Users\hp\.m2\repository\org\projectlombok\lombok\1.18.38\lombok-1.18.38.jar;C:\Users\hp\.m2\repository\org\springframework\boot\spring-boot-devtools\3.5.3\spring-boot-devtools-3.5.3.jar;C:\Users\hp\.m2\repository\org\springframework\boot\spring-boot\3.5.3\spring-boot-3.5.3.jar;C:\Users\hp\.m2\repository\org\springframework\boot\spring-boot-autoconfigure\3.5.3\spring-boot-autoconfigure-3.5.3.jar
Launcher Type: SUN_STANDARD

[Global flags]
     intx CICompilerCount                          = 4                                         {product} {ergonomic}
     uint ConcGCThreads                            = 3                                         {product} {ergonomic}
     uint G1ConcRefinementThreads                  = 10                                        {product} {ergonomic}
   size_t G1HeapRegionSize                         = 1048576                                   {product} {ergonomic}
   size_t InitialHeapSize                          = 123731968                                 {product} {ergonomic}
   size_t MarkStackSize                            = 4194304                                   {product} {ergonomic}
   size_t MarkStackSizeMax                         = 536870912                                 {product} {ergonomic}
   size_t MaxHeapSize                              = 1967128576                                {product} {ergonomic}
   size_t MaxNewSize                               = 1179648000                                {product} {ergonomic}
   size_t MinHeapDeltaBytes                        = 1048576                                   {product} {ergonomic}
   size_t MinHeapSize                              = 8388608                                   {product} {ergonomic}
    uintx NonNMethodCodeHeapSize                   = 5832704                                {pd product} {ergonomic}
    uintx NonProfiledCodeHeapSize                  = 122945536                              {pd product} {ergonomic}
    uintx ProfiledCodeHeapSize                     = 122880000                              {pd product} {ergonomic}
    uintx ReservedCodeCacheSize                    = 251658240                              {pd product} {ergonomic}
     bool SegmentedCodeCache                       = true                                      {product} {ergonomic}
   size_t SoftMaxHeapSize                          = 1967128576                             {manageable} {ergonomic}
     bool UseCompressedOops                        = true                           {product lp64_product} {ergonomic}
     bool UseG1GC                                  = true                                      {product} {ergonomic}
     bool UseLargePagesIndividualAllocation        = false                                  {pd product} {ergonomic}

Logging:
Log output configuration:
 #0: stdout all=warning uptime,level,tags foldmultilines=false
 #1: stderr all=off uptime,level,tags foldmultilines=false

Environment Variables:
JAVA_HOME=C:\Program Files\Java\jdk-23
PATH=C:\Python312\Scripts\;C:\Python312\;C:\Program Files\Common Files\Oracle\Java\javapath;C:\WINDOWS\system32;C:\WINDOWS;C:\WINDOWS\System32\Wbem;C:\WINDOWS\System32\WindowsPowerShell\v1.0\;C:\WINDOWS\System32\OpenSSH\;C:\MinGW\bin;C:\Program Files\Java\jdk-19\bin;C:\Program Files\dotnet\;C:\ProgramData\chocolatey\bin;C:\Program Files\nodejs\;C:\Program Files\Git\cmd;C:\Users\hp\OneDrive\Desktop\Remote.It\resources;C:\Program Files\Java\jdk-23\bin;C:\apache-maven-3.9.9\bin;;C:\Program Files\Docker\Docker\resources\bin;C:\Program Files\MySQL\MySQL Shell 8.0\bin\;C:\Users\hp\AppData\Local\Microsoft\WindowsApps;C:\Users\hp\AppData\Local\Microsoft\WinGet\Packages\Schniz.fnm_Microsoft.Winget.Source_8wekyb3d8bbwe;C:\Users\hp\AppData\Roaming\npm;C:\Users\hp\AppData\Local\GitHubDesktop\bin;C:\Users\hp\AppData\Local\Programs\Microsoft VS Code\bin;C:\Program Files\JetBrains\IntelliJ IDEA Community Edition 2024.3.3\bin;;C:\Users\hp\AppData\Local\Google\Cloud SDK\google-cloud-sdk\bin
USERNAME=hp
OS=Windows_NT
PROCESSOR_IDENTIFIER=AMD64 Family 23 Model 104 Stepping 1, AuthenticAMD
TMP=C:\Users\hp\AppData\Local\Temp
TEMP=C:\Users\hp\AppData\Local\Temp




Periodic native trim disabled

---------------  S Y S T E M  ---------------

OS:
 Windows 11 , 64 bit Build 26100 (10.0.26100.5074)
OS uptime: 12 days 7:24 hours
Hyper-V role detected

CPU: total 12 (initial active 12) (12 cores per cpu, 2 threads per core) family 23 model 104 stepping 1 microcode 0x8608104, cx8, cmov, fxsr, ht, mmx, 3dnowpref, sse, sse2, sse3, ssse3, sse4a, sse4.1, sse4.2, popcnt, lzcnt, tsc, tscinvbit, avx, avx2, aes, clmul, bmi1, bmi2, adx, sha, fma, vzeroupper, clflush, clflushopt, hv, rdtscp, rdpid, f16c
Processor Information for processor 0
  Max Mhz: 2100, Current Mhz: 1893, Mhz Limit: 2100
Processor Information for processor 1
  Max Mhz: 2100, Current Mhz: 1893, Mhz Limit: 2100
Processor Information for processor 2
  Max Mhz: 2100, Current Mhz: 1813, Mhz Limit: 2100
Processor Information for processor 3
  Max Mhz: 2100, Current Mhz: 1893, Mhz Limit: 2100
Processor Information for processor 4
  Max Mhz: 2100, Current Mhz: 1893, Mhz Limit: 2100
Processor Information for processor 5
  Max Mhz: 2100, Current Mhz: 1893, Mhz Limit: 2100
Processor Information for processor 6
  Max Mhz: 2100, Current Mhz: 1893, Mhz Limit: 2100
Processor Information for processor 7
  Max Mhz: 2100, Current Mhz: 1893, Mhz Limit: 2100
Processor Information for processor 8
  Max Mhz: 2100, Current Mhz: 1893, Mhz Limit: 2100
Processor Information for processor 9
  Max Mhz: 2100, Current Mhz: 1893, Mhz Limit: 2100
Processor Information for processor 10
  Max Mhz: 2100, Current Mhz: 1893, Mhz Limit: 2100
Processor Information for processor 11
  Max Mhz: 2100, Current Mhz: 1893, Mhz Limit: 2100

Memory: 4k page, system-wide physical 7502M (375M free)
TotalPageFile size 30030M (AvailPageFile size 4M)
current process WorkingSet (physical memory assigned to process): 80M, peak: 268M
current process commit charge ("private bytes"): 296M, peak: 307M

vm_info: Java HotSpot(TM) 64-Bit Server VM (23.0.2+7-58) for windows-amd64 JRE (23.0.2+7-58), built on 2024-11-29T09:34:55Z with MS VC++ 17.6 (VS2022)

END.
